                                      1 ;--------------------------------------------------------
                                      2 ; File Created by SDCC : free open source ANSI-C Compiler
                                      3 ; Version 4.2.0 #13081 (MINGW64)
                                      4 ;--------------------------------------------------------
                                      5 	.module main
                                      6 	.optsdcc -mmcs51 --model-small
                                      7 	
                                      8 ;--------------------------------------------------------
                                      9 ; Public variables in this module
                                     10 ;--------------------------------------------------------
                                     11 	.globl _main
                                     12 	.globl _handle_request
                                     13 	.globl _check_button
                                     14 	.globl _select_program
                                     15 	.globl _GPIO_Init
                                     16 	.globl _UART0_Init
                                     17 	.globl _printf
                                     18 	.globl _DelayMs
                                     19 	.globl _DelayInit
                                     20 	.globl _MOSI
                                     21 	.globl _P00
                                     22 	.globl _MISO
                                     23 	.globl _P01
                                     24 	.globl _RXD_1
                                     25 	.globl _P02
                                     26 	.globl _P03
                                     27 	.globl _STADC
                                     28 	.globl _P04
                                     29 	.globl _P05
                                     30 	.globl _TXD
                                     31 	.globl _P06
                                     32 	.globl _RXD
                                     33 	.globl _P07
                                     34 	.globl _IT0
                                     35 	.globl _IE0
                                     36 	.globl _IT1
                                     37 	.globl _IE1
                                     38 	.globl _TR0
                                     39 	.globl _TF0
                                     40 	.globl _TR1
                                     41 	.globl _TF1
                                     42 	.globl _P10
                                     43 	.globl _P11
                                     44 	.globl _P12
                                     45 	.globl _SCL
                                     46 	.globl _P13
                                     47 	.globl _SDA
                                     48 	.globl _P14
                                     49 	.globl _P15
                                     50 	.globl _TXD_1
                                     51 	.globl _P16
                                     52 	.globl _P17
                                     53 	.globl _RI
                                     54 	.globl _TI
                                     55 	.globl _RB8
                                     56 	.globl _TB8
                                     57 	.globl _REN
                                     58 	.globl _SM2
                                     59 	.globl _SM1
                                     60 	.globl _FE
                                     61 	.globl _SM0
                                     62 	.globl _P20
                                     63 	.globl _EX0
                                     64 	.globl _ET0
                                     65 	.globl _EX1
                                     66 	.globl _ET1
                                     67 	.globl _ES
                                     68 	.globl _EBOD
                                     69 	.globl _EADC
                                     70 	.globl _EA
                                     71 	.globl _P30
                                     72 	.globl _PX0
                                     73 	.globl _PT0
                                     74 	.globl _PX1
                                     75 	.globl _PT1
                                     76 	.globl _PS
                                     77 	.globl _PBOD
                                     78 	.globl _PADC
                                     79 	.globl _I2CPX
                                     80 	.globl _AA
                                     81 	.globl _SI
                                     82 	.globl _STO
                                     83 	.globl _STA
                                     84 	.globl _I2CEN
                                     85 	.globl _CM_RL2
                                     86 	.globl _TR2
                                     87 	.globl _TF2
                                     88 	.globl _P
                                     89 	.globl _OV
                                     90 	.globl _RS0
                                     91 	.globl _RS1
                                     92 	.globl _F0
                                     93 	.globl _AC
                                     94 	.globl _CY
                                     95 	.globl _CLRPWM
                                     96 	.globl _PWMF
                                     97 	.globl _LOAD
                                     98 	.globl _PWMRUN
                                     99 	.globl _ADCHS0
                                    100 	.globl _ADCHS1
                                    101 	.globl _ADCHS2
                                    102 	.globl _ADCHS3
                                    103 	.globl _ETGSEL0
                                    104 	.globl _ETGSEL1
                                    105 	.globl _ADCS
                                    106 	.globl _ADCF
                                    107 	.globl _RI_1
                                    108 	.globl _TI_1
                                    109 	.globl _RB8_1
                                    110 	.globl _TB8_1
                                    111 	.globl _REN_1
                                    112 	.globl _SM2_1
                                    113 	.globl _SM1_1
                                    114 	.globl _FE_1
                                    115 	.globl _SM0_1
                                    116 	.globl _EIPH1
                                    117 	.globl _EIP1
                                    118 	.globl _PMD
                                    119 	.globl _PMEN
                                    120 	.globl _PDTCNT
                                    121 	.globl _PDTEN
                                    122 	.globl _SCON_1
                                    123 	.globl _EIPH
                                    124 	.globl _AINDIDS
                                    125 	.globl _SPDR
                                    126 	.globl _SPSR
                                    127 	.globl _SPCR2
                                    128 	.globl _SPCR
                                    129 	.globl _CAPCON4
                                    130 	.globl _CAPCON3
                                    131 	.globl _B
                                    132 	.globl _EIP
                                    133 	.globl _C2H
                                    134 	.globl _C2L
                                    135 	.globl _PIF
                                    136 	.globl _PIPEN
                                    137 	.globl _PINEN
                                    138 	.globl _PICON
                                    139 	.globl _ADCCON0
                                    140 	.globl _C1H
                                    141 	.globl _C1L
                                    142 	.globl _C0H
                                    143 	.globl _C0L
                                    144 	.globl _ADCDLY
                                    145 	.globl _ADCCON2
                                    146 	.globl _ADCCON1
                                    147 	.globl _ACC
                                    148 	.globl _PWMCON1
                                    149 	.globl _PIOCON0
                                    150 	.globl _PWM3L
                                    151 	.globl _PWM2L
                                    152 	.globl _PWM1L
                                    153 	.globl _PWM0L
                                    154 	.globl _PWMPL
                                    155 	.globl _PWMCON0
                                    156 	.globl _FBD
                                    157 	.globl _PNP
                                    158 	.globl _PWM3H
                                    159 	.globl _PWM2H
                                    160 	.globl _PWM1H
                                    161 	.globl _PWM0H
                                    162 	.globl _PWMPH
                                    163 	.globl _PSW
                                    164 	.globl _ADCMPH
                                    165 	.globl _ADCMPL
                                    166 	.globl _PWM5L
                                    167 	.globl _TH2
                                    168 	.globl _PWM4L
                                    169 	.globl _TL2
                                    170 	.globl _RCMP2H
                                    171 	.globl _RCMP2L
                                    172 	.globl _T2MOD
                                    173 	.globl _T2CON
                                    174 	.globl _TA
                                    175 	.globl _PIOCON1
                                    176 	.globl _RH3
                                    177 	.globl _PWM5H
                                    178 	.globl _RL3
                                    179 	.globl _PWM4H
                                    180 	.globl _T3CON
                                    181 	.globl _ADCRH
                                    182 	.globl _ADCRL
                                    183 	.globl _I2ADDR
                                    184 	.globl _I2CON
                                    185 	.globl _I2TOC
                                    186 	.globl _I2CLK
                                    187 	.globl _I2STAT
                                    188 	.globl _I2DAT
                                    189 	.globl _SADDR_1
                                    190 	.globl _SADEN_1
                                    191 	.globl _SADEN
                                    192 	.globl _IP
                                    193 	.globl _PWMINTC
                                    194 	.globl _IPH
                                    195 	.globl _P2S
                                    196 	.globl _P1SR
                                    197 	.globl _P1M2
                                    198 	.globl _P1S
                                    199 	.globl _P1M1
                                    200 	.globl _P0SR
                                    201 	.globl _P0M2
                                    202 	.globl _P0S
                                    203 	.globl _P0M1
                                    204 	.globl _P3
                                    205 	.globl _IAPCN
                                    206 	.globl _IAPFD
                                    207 	.globl _P3SR
                                    208 	.globl _P3M2
                                    209 	.globl _P3S
                                    210 	.globl _P3M1
                                    211 	.globl _BODCON1
                                    212 	.globl _WDCON
                                    213 	.globl _SADDR
                                    214 	.globl _IE
                                    215 	.globl _IAPAH
                                    216 	.globl _IAPAL
                                    217 	.globl _IAPUEN
                                    218 	.globl _IAPTRG
                                    219 	.globl _BODCON0
                                    220 	.globl _AUXR1
                                    221 	.globl _P2
                                    222 	.globl _CHPCON
                                    223 	.globl _EIE1
                                    224 	.globl _EIE
                                    225 	.globl _SBUF_1
                                    226 	.globl _SBUF
                                    227 	.globl _SCON
                                    228 	.globl _CKEN
                                    229 	.globl _CKSWT
                                    230 	.globl _CKDIV
                                    231 	.globl _CAPCON2
                                    232 	.globl _CAPCON1
                                    233 	.globl _CAPCON0
                                    234 	.globl _SFRS
                                    235 	.globl _P1
                                    236 	.globl _WKCON
                                    237 	.globl _CKCON
                                    238 	.globl _TH1
                                    239 	.globl _TH0
                                    240 	.globl _TL1
                                    241 	.globl _TL0
                                    242 	.globl _TMOD
                                    243 	.globl _TCON
                                    244 	.globl _PCON
                                    245 	.globl _RWK
                                    246 	.globl _RCTRIM1
                                    247 	.globl _RCTRIM0
                                    248 	.globl _DPH
                                    249 	.globl _DPL
                                    250 	.globl _SP
                                    251 	.globl _P0
                                    252 ;--------------------------------------------------------
                                    253 ; special function registers
                                    254 ;--------------------------------------------------------
                                    255 	.area RSEG    (ABS,DATA)
      000000                        256 	.org 0x0000
                           000080   257 _P0	=	0x0080
                           000081   258 _SP	=	0x0081
                           000082   259 _DPL	=	0x0082
                           000083   260 _DPH	=	0x0083
                           000084   261 _RCTRIM0	=	0x0084
                           000085   262 _RCTRIM1	=	0x0085
                           000086   263 _RWK	=	0x0086
                           000087   264 _PCON	=	0x0087
                           000088   265 _TCON	=	0x0088
                           000089   266 _TMOD	=	0x0089
                           00008A   267 _TL0	=	0x008a
                           00008B   268 _TL1	=	0x008b
                           00008C   269 _TH0	=	0x008c
                           00008D   270 _TH1	=	0x008d
                           00008E   271 _CKCON	=	0x008e
                           00008F   272 _WKCON	=	0x008f
                           000090   273 _P1	=	0x0090
                           000091   274 _SFRS	=	0x0091
                           000092   275 _CAPCON0	=	0x0092
                           000093   276 _CAPCON1	=	0x0093
                           000094   277 _CAPCON2	=	0x0094
                           000095   278 _CKDIV	=	0x0095
                           000096   279 _CKSWT	=	0x0096
                           000097   280 _CKEN	=	0x0097
                           000098   281 _SCON	=	0x0098
                           000099   282 _SBUF	=	0x0099
                           00009A   283 _SBUF_1	=	0x009a
                           00009B   284 _EIE	=	0x009b
                           00009C   285 _EIE1	=	0x009c
                           00009F   286 _CHPCON	=	0x009f
                           0000A0   287 _P2	=	0x00a0
                           0000A2   288 _AUXR1	=	0x00a2
                           0000A3   289 _BODCON0	=	0x00a3
                           0000A4   290 _IAPTRG	=	0x00a4
                           0000A5   291 _IAPUEN	=	0x00a5
                           0000A6   292 _IAPAL	=	0x00a6
                           0000A7   293 _IAPAH	=	0x00a7
                           0000A8   294 _IE	=	0x00a8
                           0000A9   295 _SADDR	=	0x00a9
                           0000AA   296 _WDCON	=	0x00aa
                           0000AB   297 _BODCON1	=	0x00ab
                           0000AC   298 _P3M1	=	0x00ac
                           0000AC   299 _P3S	=	0x00ac
                           0000AD   300 _P3M2	=	0x00ad
                           0000AD   301 _P3SR	=	0x00ad
                           0000AE   302 _IAPFD	=	0x00ae
                           0000AF   303 _IAPCN	=	0x00af
                           0000B0   304 _P3	=	0x00b0
                           0000B1   305 _P0M1	=	0x00b1
                           0000B1   306 _P0S	=	0x00b1
                           0000B2   307 _P0M2	=	0x00b2
                           0000B2   308 _P0SR	=	0x00b2
                           0000B3   309 _P1M1	=	0x00b3
                           0000B3   310 _P1S	=	0x00b3
                           0000B4   311 _P1M2	=	0x00b4
                           0000B4   312 _P1SR	=	0x00b4
                           0000B5   313 _P2S	=	0x00b5
                           0000B7   314 _IPH	=	0x00b7
                           0000B7   315 _PWMINTC	=	0x00b7
                           0000B8   316 _IP	=	0x00b8
                           0000B9   317 _SADEN	=	0x00b9
                           0000BA   318 _SADEN_1	=	0x00ba
                           0000BB   319 _SADDR_1	=	0x00bb
                           0000BC   320 _I2DAT	=	0x00bc
                           0000BD   321 _I2STAT	=	0x00bd
                           0000BE   322 _I2CLK	=	0x00be
                           0000BF   323 _I2TOC	=	0x00bf
                           0000C0   324 _I2CON	=	0x00c0
                           0000C1   325 _I2ADDR	=	0x00c1
                           0000C2   326 _ADCRL	=	0x00c2
                           0000C3   327 _ADCRH	=	0x00c3
                           0000C4   328 _T3CON	=	0x00c4
                           0000C4   329 _PWM4H	=	0x00c4
                           0000C5   330 _RL3	=	0x00c5
                           0000C5   331 _PWM5H	=	0x00c5
                           0000C6   332 _RH3	=	0x00c6
                           0000C6   333 _PIOCON1	=	0x00c6
                           0000C7   334 _TA	=	0x00c7
                           0000C8   335 _T2CON	=	0x00c8
                           0000C9   336 _T2MOD	=	0x00c9
                           0000CA   337 _RCMP2L	=	0x00ca
                           0000CB   338 _RCMP2H	=	0x00cb
                           0000CC   339 _TL2	=	0x00cc
                           0000CC   340 _PWM4L	=	0x00cc
                           0000CD   341 _TH2	=	0x00cd
                           0000CD   342 _PWM5L	=	0x00cd
                           0000CE   343 _ADCMPL	=	0x00ce
                           0000CF   344 _ADCMPH	=	0x00cf
                           0000D0   345 _PSW	=	0x00d0
                           0000D1   346 _PWMPH	=	0x00d1
                           0000D2   347 _PWM0H	=	0x00d2
                           0000D3   348 _PWM1H	=	0x00d3
                           0000D4   349 _PWM2H	=	0x00d4
                           0000D5   350 _PWM3H	=	0x00d5
                           0000D6   351 _PNP	=	0x00d6
                           0000D7   352 _FBD	=	0x00d7
                           0000D8   353 _PWMCON0	=	0x00d8
                           0000D9   354 _PWMPL	=	0x00d9
                           0000DA   355 _PWM0L	=	0x00da
                           0000DB   356 _PWM1L	=	0x00db
                           0000DC   357 _PWM2L	=	0x00dc
                           0000DD   358 _PWM3L	=	0x00dd
                           0000DE   359 _PIOCON0	=	0x00de
                           0000DF   360 _PWMCON1	=	0x00df
                           0000E0   361 _ACC	=	0x00e0
                           0000E1   362 _ADCCON1	=	0x00e1
                           0000E2   363 _ADCCON2	=	0x00e2
                           0000E3   364 _ADCDLY	=	0x00e3
                           0000E4   365 _C0L	=	0x00e4
                           0000E5   366 _C0H	=	0x00e5
                           0000E6   367 _C1L	=	0x00e6
                           0000E7   368 _C1H	=	0x00e7
                           0000E8   369 _ADCCON0	=	0x00e8
                           0000E9   370 _PICON	=	0x00e9
                           0000EA   371 _PINEN	=	0x00ea
                           0000EB   372 _PIPEN	=	0x00eb
                           0000EC   373 _PIF	=	0x00ec
                           0000ED   374 _C2L	=	0x00ed
                           0000EE   375 _C2H	=	0x00ee
                           0000EF   376 _EIP	=	0x00ef
                           0000F0   377 _B	=	0x00f0
                           0000F1   378 _CAPCON3	=	0x00f1
                           0000F2   379 _CAPCON4	=	0x00f2
                           0000F3   380 _SPCR	=	0x00f3
                           0000F3   381 _SPCR2	=	0x00f3
                           0000F4   382 _SPSR	=	0x00f4
                           0000F5   383 _SPDR	=	0x00f5
                           0000F6   384 _AINDIDS	=	0x00f6
                           0000F7   385 _EIPH	=	0x00f7
                           0000F8   386 _SCON_1	=	0x00f8
                           0000F9   387 _PDTEN	=	0x00f9
                           0000FA   388 _PDTCNT	=	0x00fa
                           0000FB   389 _PMEN	=	0x00fb
                           0000FC   390 _PMD	=	0x00fc
                           0000FE   391 _EIP1	=	0x00fe
                           0000FF   392 _EIPH1	=	0x00ff
                                    393 ;--------------------------------------------------------
                                    394 ; special function bits
                                    395 ;--------------------------------------------------------
                                    396 	.area RSEG    (ABS,DATA)
      000000                        397 	.org 0x0000
                           0000FF   398 _SM0_1	=	0x00ff
                           0000FF   399 _FE_1	=	0x00ff
                           0000FE   400 _SM1_1	=	0x00fe
                           0000FD   401 _SM2_1	=	0x00fd
                           0000FC   402 _REN_1	=	0x00fc
                           0000FB   403 _TB8_1	=	0x00fb
                           0000FA   404 _RB8_1	=	0x00fa
                           0000F9   405 _TI_1	=	0x00f9
                           0000F8   406 _RI_1	=	0x00f8
                           0000EF   407 _ADCF	=	0x00ef
                           0000EE   408 _ADCS	=	0x00ee
                           0000ED   409 _ETGSEL1	=	0x00ed
                           0000EC   410 _ETGSEL0	=	0x00ec
                           0000EB   411 _ADCHS3	=	0x00eb
                           0000EA   412 _ADCHS2	=	0x00ea
                           0000E9   413 _ADCHS1	=	0x00e9
                           0000E8   414 _ADCHS0	=	0x00e8
                           0000DF   415 _PWMRUN	=	0x00df
                           0000DE   416 _LOAD	=	0x00de
                           0000DD   417 _PWMF	=	0x00dd
                           0000DC   418 _CLRPWM	=	0x00dc
                           0000D7   419 _CY	=	0x00d7
                           0000D6   420 _AC	=	0x00d6
                           0000D5   421 _F0	=	0x00d5
                           0000D4   422 _RS1	=	0x00d4
                           0000D3   423 _RS0	=	0x00d3
                           0000D2   424 _OV	=	0x00d2
                           0000D0   425 _P	=	0x00d0
                           0000CF   426 _TF2	=	0x00cf
                           0000CA   427 _TR2	=	0x00ca
                           0000C8   428 _CM_RL2	=	0x00c8
                           0000C6   429 _I2CEN	=	0x00c6
                           0000C5   430 _STA	=	0x00c5
                           0000C4   431 _STO	=	0x00c4
                           0000C3   432 _SI	=	0x00c3
                           0000C2   433 _AA	=	0x00c2
                           0000C0   434 _I2CPX	=	0x00c0
                           0000BE   435 _PADC	=	0x00be
                           0000BD   436 _PBOD	=	0x00bd
                           0000BC   437 _PS	=	0x00bc
                           0000BB   438 _PT1	=	0x00bb
                           0000BA   439 _PX1	=	0x00ba
                           0000B9   440 _PT0	=	0x00b9
                           0000B8   441 _PX0	=	0x00b8
                           0000B0   442 _P30	=	0x00b0
                           0000AF   443 _EA	=	0x00af
                           0000AE   444 _EADC	=	0x00ae
                           0000AD   445 _EBOD	=	0x00ad
                           0000AC   446 _ES	=	0x00ac
                           0000AB   447 _ET1	=	0x00ab
                           0000AA   448 _EX1	=	0x00aa
                           0000A9   449 _ET0	=	0x00a9
                           0000A8   450 _EX0	=	0x00a8
                           0000A0   451 _P20	=	0x00a0
                           00009F   452 _SM0	=	0x009f
                           00009F   453 _FE	=	0x009f
                           00009E   454 _SM1	=	0x009e
                           00009D   455 _SM2	=	0x009d
                           00009C   456 _REN	=	0x009c
                           00009B   457 _TB8	=	0x009b
                           00009A   458 _RB8	=	0x009a
                           000099   459 _TI	=	0x0099
                           000098   460 _RI	=	0x0098
                           000097   461 _P17	=	0x0097
                           000096   462 _P16	=	0x0096
                           000096   463 _TXD_1	=	0x0096
                           000095   464 _P15	=	0x0095
                           000094   465 _P14	=	0x0094
                           000094   466 _SDA	=	0x0094
                           000093   467 _P13	=	0x0093
                           000093   468 _SCL	=	0x0093
                           000092   469 _P12	=	0x0092
                           000091   470 _P11	=	0x0091
                           000090   471 _P10	=	0x0090
                           00008F   472 _TF1	=	0x008f
                           00008E   473 _TR1	=	0x008e
                           00008D   474 _TF0	=	0x008d
                           00008C   475 _TR0	=	0x008c
                           00008B   476 _IE1	=	0x008b
                           00008A   477 _IT1	=	0x008a
                           000089   478 _IE0	=	0x0089
                           000088   479 _IT0	=	0x0088
                           000087   480 _P07	=	0x0087
                           000087   481 _RXD	=	0x0087
                           000086   482 _P06	=	0x0086
                           000086   483 _TXD	=	0x0086
                           000085   484 _P05	=	0x0085
                           000084   485 _P04	=	0x0084
                           000084   486 _STADC	=	0x0084
                           000083   487 _P03	=	0x0083
                           000082   488 _P02	=	0x0082
                           000082   489 _RXD_1	=	0x0082
                           000081   490 _P01	=	0x0081
                           000081   491 _MISO	=	0x0081
                           000080   492 _P00	=	0x0080
                           000080   493 _MOSI	=	0x0080
                                    494 ;--------------------------------------------------------
                                    495 ; overlayable register banks
                                    496 ;--------------------------------------------------------
                                    497 	.area REG_BANK_0	(REL,OVR,DATA)
      000000                        498 	.ds 8
                                    499 ;--------------------------------------------------------
                                    500 ; internal ram data
                                    501 ;--------------------------------------------------------
                                    502 	.area DSEG    (DATA)
                                    503 ;--------------------------------------------------------
                                    504 ; overlayable items in internal ram
                                    505 ;--------------------------------------------------------
                                    506 ;--------------------------------------------------------
                                    507 ; Stack segment in internal ram
                                    508 ;--------------------------------------------------------
                                    509 	.area	SSEG
      000000                        510 __start__stack:
      000000                        511 	.ds	1
                                    512 
                                    513 ;--------------------------------------------------------
                                    514 ; indirectly addressable internal ram data
                                    515 ;--------------------------------------------------------
                                    516 	.area ISEG    (DATA)
                                    517 ;--------------------------------------------------------
                                    518 ; absolute internal ram data
                                    519 ;--------------------------------------------------------
                                    520 	.area IABS    (ABS,DATA)
                                    521 	.area IABS    (ABS,DATA)
                                    522 ;--------------------------------------------------------
                                    523 ; bit data
                                    524 ;--------------------------------------------------------
                                    525 	.area BSEG    (BIT)
                                    526 ;--------------------------------------------------------
                                    527 ; paged external ram data
                                    528 ;--------------------------------------------------------
                                    529 	.area PSEG    (PAG,XDATA)
                                    530 ;--------------------------------------------------------
                                    531 ; external ram data
                                    532 ;--------------------------------------------------------
                                    533 	.area XSEG    (XDATA)
                                    534 ;--------------------------------------------------------
                                    535 ; absolute external ram data
                                    536 ;--------------------------------------------------------
                                    537 	.area XABS    (ABS,XDATA)
                                    538 ;--------------------------------------------------------
                                    539 ; external initialized ram data
                                    540 ;--------------------------------------------------------
                                    541 	.area XISEG   (XDATA)
                                    542 	.area HOME    (CODE)
                                    543 	.area GSINIT0 (CODE)
                                    544 	.area GSINIT1 (CODE)
                                    545 	.area GSINIT2 (CODE)
                                    546 	.area GSINIT3 (CODE)
                                    547 	.area GSINIT4 (CODE)
                                    548 	.area GSINIT5 (CODE)
                                    549 	.area GSINIT  (CODE)
                                    550 	.area GSFINAL (CODE)
                                    551 	.area CSEG    (CODE)
                                    552 ;--------------------------------------------------------
                                    553 ; interrupt vector
                                    554 ;--------------------------------------------------------
                                    555 	.area HOME    (CODE)
      000000                        556 __interrupt_vect:
      000000 02r00r00         [24]  557 	ljmp	__sdcc_gsinit_startup
                                    558 ;--------------------------------------------------------
                                    559 ; global & static initialisations
                                    560 ;--------------------------------------------------------
                                    561 	.area HOME    (CODE)
                                    562 	.area GSINIT  (CODE)
                                    563 	.area GSFINAL (CODE)
                                    564 	.area GSINIT  (CODE)
                                    565 	.globl __sdcc_gsinit_startup
                                    566 	.globl __sdcc_program_startup
                                    567 	.globl __start__stack
                                    568 	.globl __mcs51_genXINIT
                                    569 	.globl __mcs51_genXRAMCLEAR
                                    570 	.globl __mcs51_genRAMCLEAR
                                    571 	.area GSFINAL (CODE)
      000000 02r00r03         [24]  572 	ljmp	__sdcc_program_startup
                                    573 ;--------------------------------------------------------
                                    574 ; Home
                                    575 ;--------------------------------------------------------
                                    576 	.area HOME    (CODE)
                                    577 	.area HOME    (CODE)
      000003                        578 __sdcc_program_startup:
      000003 02r00rEA         [24]  579 	ljmp	_main
                                    580 ;	return from main will return to caller
                                    581 ;--------------------------------------------------------
                                    582 ; code
                                    583 ;--------------------------------------------------------
                                    584 	.area CSEG    (CODE)
                                    585 ;------------------------------------------------------------
                                    586 ;Allocation info for local variables in function 'select_program'
                                    587 ;------------------------------------------------------------
                                    588 ;program                   Allocated to registers r7 
                                    589 ;i                         Allocated to registers r5 r6 
                                    590 ;i                         Allocated to registers r5 r6 
                                    591 ;------------------------------------------------------------
                                    592 ;	main.c:20: void select_program(char program)
                                    593 ;	-----------------------------------------
                                    594 ;	 function select_program
                                    595 ;	-----------------------------------------
      000000                        596 _select_program:
                           000007   597 	ar7 = 0x07
                           000006   598 	ar6 = 0x06
                           000005   599 	ar5 = 0x05
                           000004   600 	ar4 = 0x04
                           000003   601 	ar3 = 0x03
                           000002   602 	ar2 = 0x02
                           000001   603 	ar1 = 0x01
                           000000   604 	ar0 = 0x00
      000000 AF 82            [24]  605 	mov	r7,dpl
                                    606 ;	main.c:22: RESET_OPTO = 1;
                                    607 ;	assignBit
      000002 D2 90            [12]  608 	setb	_P10
                                    609 ;	main.c:23: DelayMs(10);
      000004 90 00 0A         [24]  610 	mov	dptr,#0x000a
      000007 C0 07            [24]  611 	push	ar7
      000009 12r00r00         [24]  612 	lcall	_DelayMs
                                    613 ;	main.c:24: RESET_OPTO = 0;
                                    614 ;	assignBit
      00000C C2 90            [12]  615 	clr	_P10
                                    616 ;	main.c:25: DelayMs(10);
      00000E 90 00 0A         [24]  617 	mov	dptr,#0x000a
      000011 12r00r00         [24]  618 	lcall	_DelayMs
      000014 D0 07            [24]  619 	pop	ar7
                                    620 ;	main.c:26: if(program>0)
      000016 EF               [12]  621 	mov	a,r7
      000017 70 01            [24]  622 	jnz	00142$
      000019 22               [24]  623 	ret
      00001A                        624 00142$:
                                    625 ;	main.c:28: if(program<=16)
      00001A EF               [12]  626 	mov	a,r7
      00001B 24 EF            [12]  627 	add	a,#0xff - 0x10
      00001D 40 3B            [24]  628 	jc	00121$
                                    629 ;	main.c:30: for(int i=0; i < program; i++)
      00001F 7D 00            [12]  630 	mov	r5,#0x00
      000021 7E 00            [12]  631 	mov	r6,#0x00
      000023                        632 00109$:
      000023 8F 03            [24]  633 	mov	ar3,r7
      000025 7C 00            [12]  634 	mov	r4,#0x00
      000027 C3               [12]  635 	clr	c
      000028 ED               [12]  636 	mov	a,r5
      000029 9B               [12]  637 	subb	a,r3
      00002A EE               [12]  638 	mov	a,r6
      00002B 64 80            [12]  639 	xrl	a,#0x80
      00002D 8C F0            [24]  640 	mov	b,r4
      00002F 63 F0 80         [24]  641 	xrl	b,#0x80
      000032 95 F0            [12]  642 	subb	a,b
      000034 40 01            [24]  643 	jc	00144$
      000036 22               [24]  644 	ret
      000037                        645 00144$:
                                    646 ;	main.c:32: ADD_OPTO = 1;
                                    647 ;	assignBit
      000037 D2 93            [12]  648 	setb	_P13
                                    649 ;	main.c:33: DelayMs(300);
      000039 90 01 2C         [24]  650 	mov	dptr,#0x012c
      00003C C0 07            [24]  651 	push	ar7
      00003E C0 06            [24]  652 	push	ar6
      000040 C0 05            [24]  653 	push	ar5
      000042 12r00r00         [24]  654 	lcall	_DelayMs
                                    655 ;	main.c:34: ADD_OPTO = 0;
                                    656 ;	assignBit
      000045 C2 93            [12]  657 	clr	_P13
                                    658 ;	main.c:35: DelayMs(300);
      000047 90 01 2C         [24]  659 	mov	dptr,#0x012c
      00004A 12r00r00         [24]  660 	lcall	_DelayMs
      00004D D0 05            [24]  661 	pop	ar5
      00004F D0 06            [24]  662 	pop	ar6
      000051 D0 07            [24]  663 	pop	ar7
                                    664 ;	main.c:30: for(int i=0; i < program; i++)
      000053 0D               [12]  665 	inc	r5
                                    666 ;	main.c:40: for(int i=0; i < 32-program; i++)
      000054 BD 00 CC         [24]  667 	cjne	r5,#0x00,00109$
      000057 0E               [12]  668 	inc	r6
      000058 80 C9            [24]  669 	sjmp	00109$
      00005A                        670 00121$:
      00005A 7D 00            [12]  671 	mov	r5,#0x00
      00005C 7E 00            [12]  672 	mov	r6,#0x00
      00005E                        673 00112$:
      00005E 8F 03            [24]  674 	mov	ar3,r7
      000060 7C 00            [12]  675 	mov	r4,#0x00
      000062 74 20            [12]  676 	mov	a,#0x20
      000064 C3               [12]  677 	clr	c
      000065 9B               [12]  678 	subb	a,r3
      000066 FB               [12]  679 	mov	r3,a
      000067 E4               [12]  680 	clr	a
      000068 9C               [12]  681 	subb	a,r4
      000069 FC               [12]  682 	mov	r4,a
      00006A C3               [12]  683 	clr	c
      00006B ED               [12]  684 	mov	a,r5
      00006C 9B               [12]  685 	subb	a,r3
      00006D EE               [12]  686 	mov	a,r6
      00006E 64 80            [12]  687 	xrl	a,#0x80
      000070 8C F0            [24]  688 	mov	b,r4
      000072 63 F0 80         [24]  689 	xrl	b,#0x80
      000075 95 F0            [12]  690 	subb	a,b
      000077 50 23            [24]  691 	jnc	00114$
                                    692 ;	main.c:42: SUB_OPTO = 1;
                                    693 ;	assignBit
      000079 D2 91            [12]  694 	setb	_P11
                                    695 ;	main.c:43: DelayMs(300);
      00007B 90 01 2C         [24]  696 	mov	dptr,#0x012c
      00007E C0 07            [24]  697 	push	ar7
      000080 C0 06            [24]  698 	push	ar6
      000082 C0 05            [24]  699 	push	ar5
      000084 12r00r00         [24]  700 	lcall	_DelayMs
                                    701 ;	main.c:44: SUB_OPTO = 0;
                                    702 ;	assignBit
      000087 C2 91            [12]  703 	clr	_P11
                                    704 ;	main.c:45: DelayMs(300);
      000089 90 01 2C         [24]  705 	mov	dptr,#0x012c
      00008C 12r00r00         [24]  706 	lcall	_DelayMs
      00008F D0 05            [24]  707 	pop	ar5
      000091 D0 06            [24]  708 	pop	ar6
      000093 D0 07            [24]  709 	pop	ar7
                                    710 ;	main.c:40: for(int i=0; i < 32-program; i++)
      000095 0D               [12]  711 	inc	r5
      000096 BD 00 C5         [24]  712 	cjne	r5,#0x00,00112$
      000099 0E               [12]  713 	inc	r6
      00009A 80 C2            [24]  714 	sjmp	00112$
      00009C                        715 00114$:
                                    716 ;	main.c:49: }
      00009C 22               [24]  717 	ret
                                    718 ;------------------------------------------------------------
                                    719 ;Allocation info for local variables in function 'check_button'
                                    720 ;------------------------------------------------------------
                                    721 ;	main.c:51: char check_button()
                                    722 ;	-----------------------------------------
                                    723 ;	 function check_button
                                    724 ;	-----------------------------------------
      00009D                        725 _check_button:
                                    726 ;	main.c:53: if(!Enter_button)
      00009D 20 92 14         [24]  727 	jb	_P12,00108$
                                    728 ;	main.c:55: DelayMs(20);
      0000A0 90 00 14         [24]  729 	mov	dptr,#0x0014
      0000A3 12r00r00         [24]  730 	lcall	_DelayMs
                                    731 ;	main.c:56: if(!Enter_button)
      0000A6 20 92 07         [24]  732 	jb	_P12,00105$
                                    733 ;	main.c:58: while(!Enter_button);
      0000A9                        734 00101$:
      0000A9 30 92 FD         [24]  735 	jnb	_P12,00101$
                                    736 ;	main.c:59: return 1;
      0000AC 75 82 01         [24]  737 	mov	dpl,#0x01
      0000AF 22               [24]  738 	ret
      0000B0                        739 00105$:
                                    740 ;	main.c:61: else return 0; 
      0000B0 75 82 00         [24]  741 	mov	dpl,#0x00
      0000B3 22               [24]  742 	ret
      0000B4                        743 00108$:
                                    744 ;	main.c:63: return 0;
      0000B4 75 82 00         [24]  745 	mov	dpl,#0x00
                                    746 ;	main.c:64: }
      0000B7 22               [24]  747 	ret
                                    748 ;------------------------------------------------------------
                                    749 ;Allocation info for local variables in function 'handle_request'
                                    750 ;------------------------------------------------------------
                                    751 ;program                   Allocated to registers r7 
                                    752 ;------------------------------------------------------------
                                    753 ;	main.c:66: void handle_request()
                                    754 ;	-----------------------------------------
                                    755 ;	 function handle_request
                                    756 ;	-----------------------------------------
      0000B8                        757 _handle_request:
                                    758 ;	main.c:68: char program = SW_PORT&0x1F;
      0000B8 E5 80            [12]  759 	mov	a,_P0
      0000BA 54 1F            [12]  760 	anl	a,#0x1f
                                    761 ;	main.c:69: program = program^0x1F;
      0000BC 64 1F            [12]  762 	xrl	a,#0x1f
                                    763 ;	main.c:70: if(program>=0 && program<=31) 
      0000BE FF               [12]  764 	mov  r7,a
      0000BF 24 E0            [12]  765 	add	a,#0xff - 0x1f
      0000C1 40 26            [24]  766 	jc	00104$
                                    767 ;	main.c:72: printf("Program %d\ selected!\n", program);
      0000C3 8F 05            [24]  768 	mov	ar5,r7
      0000C5 7E 00            [12]  769 	mov	r6,#0x00
      0000C7 C0 07            [24]  770 	push	ar7
      0000C9 C0 05            [24]  771 	push	ar5
      0000CB C0 06            [24]  772 	push	ar6
      0000CD 74r00            [12]  773 	mov	a,#___str_0
      0000CF C0 E0            [24]  774 	push	acc
      0000D1 74s00            [12]  775 	mov	a,#(___str_0 >> 8)
      0000D3 C0 E0            [24]  776 	push	acc
      0000D5 74 80            [12]  777 	mov	a,#0x80
      0000D7 C0 E0            [24]  778 	push	acc
      0000D9 12r00r00         [24]  779 	lcall	_printf
      0000DC E5 81            [12]  780 	mov	a,sp
      0000DE 24 FB            [12]  781 	add	a,#0xfb
      0000E0 F5 81            [12]  782 	mov	sp,a
      0000E2 D0 07            [24]  783 	pop	ar7
                                    784 ;	main.c:73: select_program(program);
      0000E4 8F 82            [24]  785 	mov	dpl,r7
                                    786 ;	main.c:76: }
      0000E6 02r00r00         [24]  787 	ljmp	_select_program
      0000E9                        788 00104$:
      0000E9 22               [24]  789 	ret
                                    790 ;------------------------------------------------------------
                                    791 ;Allocation info for local variables in function 'main'
                                    792 ;------------------------------------------------------------
                                    793 ;current_status            Allocated to registers r7 
                                    794 ;------------------------------------------------------------
                                    795 ;	main.c:78: void main(void)
                                    796 ;	-----------------------------------------
                                    797 ;	 function main
                                    798 ;	-----------------------------------------
      0000EA                        799 _main:
                                    800 ;	main.c:80: DelayInit();
      0000EA 12r00r00         [24]  801 	lcall	_DelayInit
                                    802 ;	main.c:81: GPIO_Init();
      0000ED 12r00r00         [24]  803 	lcall	_GPIO_Init
                                    804 ;	main.c:82: UART0_Init();
      0000F0 12r00r00         [24]  805 	lcall	_UART0_Init
                                    806 ;	main.c:84: char current_status = SW_PORT&0x1F;
      0000F3 E5 80            [12]  807 	mov	a,_P0
      0000F5 54 1F            [12]  808 	anl	a,#0x1f
      0000F7 FF               [12]  809 	mov	r7,a
                                    810 ;	main.c:85: while(1) 
      0000F8                        811 00106$:
                                    812 ;	main.c:87: if(check_button()) handle_request();
      0000F8 C0 07            [24]  813 	push	ar7
      0000FA 12r00r9D         [24]  814 	lcall	_check_button
      0000FD E5 82            [12]  815 	mov	a,dpl
      0000FF D0 07            [24]  816 	pop	ar7
      000101 60 07            [24]  817 	jz	00102$
      000103 C0 07            [24]  818 	push	ar7
      000105 12r00rB8         [24]  819 	lcall	_handle_request
      000108 D0 07            [24]  820 	pop	ar7
      00010A                        821 00102$:
                                    822 ;	main.c:88: if((SW_PORT&0x1F) != current_status) 
      00010A AD 80            [24]  823 	mov	r5,_P0
      00010C 53 05 1F         [24]  824 	anl	ar5,#0x1f
      00010F 7E 00            [12]  825 	mov	r6,#0x00
      000111 8F 03            [24]  826 	mov	ar3,r7
      000113 7C 00            [12]  827 	mov	r4,#0x00
      000115 ED               [12]  828 	mov	a,r5
      000116 B5 03 06         [24]  829 	cjne	a,ar3,00123$
      000119 EE               [12]  830 	mov	a,r6
      00011A B5 04 02         [24]  831 	cjne	a,ar4,00123$
      00011D 80 D9            [24]  832 	sjmp	00106$
      00011F                        833 00123$:
                                    834 ;	main.c:90: DelayMs(200);
      00011F 90 00 C8         [24]  835 	mov	dptr,#0x00c8
      000122 12r00r00         [24]  836 	lcall	_DelayMs
                                    837 ;	main.c:91: current_status = SW_PORT&0x1F;
      000125 E5 80            [12]  838 	mov	a,_P0
      000127 54 1F            [12]  839 	anl	a,#0x1f
      000129 FF               [12]  840 	mov	r7,a
                                    841 ;	main.c:92: handle_request();
      00012A C0 07            [24]  842 	push	ar7
      00012C 12r00rB8         [24]  843 	lcall	_handle_request
      00012F D0 07            [24]  844 	pop	ar7
                                    845 ;	main.c:95: }
      000131 80 C5            [24]  846 	sjmp	00106$
                                    847 	.area CSEG    (CODE)
                                    848 	.area CONST   (CODE)
                                    849 	.area CONST   (CODE)
      000000                        850 ___str_0:
      000000 50 72 6F 67 72 61 6D   851 	.ascii "Program %d selected!"
             20 25 64 20 73 65 6C
             65 63 74 65 64 21
      000014 0A                     852 	.db 0x0a
      000015 00                     853 	.db 0x00
                                    854 	.area CSEG    (CODE)
                                    855 	.area XINIT   (CODE)
                                    856 	.area CABS    (ABS,CODE)
